<?xml version="1.0" encoding="UTF-8"?>
<testsuite xmlns:xsi="http://www.w3.org/2001/XMLSchema-instance" xsi:noNamespaceSchemaLocation="https://maven.apache.org/surefire/maven-surefire-plugin/xsd/surefire-test-report-3.0.xsd" version="3.0" name="com.example.ClientTest" time="0.088" tests="13" errors="0" skipped="0" failures="0">
  <properties>
[...]
</properties>
  <testcase name="testGetNom" classname="com.example.ClientTest" time="0.016"/>
  <testcase name="testSetNom" classname="com.example.ClientTest" time="0.0"/>
  <testcase name="testGetPrenom" classname="com.example.ClientTest" time="0.0"/>
  <testcase name="testSetPrenom" classname="com.example.ClientTest" time="0.0"/>
  <testcase name="testGetAdresse" classname="com.example.ClientTest" time="0.0"/>
  <testcase name="testSetAdresse" classname="com.example.ClientTest" time="0.0"/>
  <testcase name="testGetTelephone" classname="com.example.ClientTest" time="0.0"/>
  <testcase name="testSetTelephone" classname="com.example.ClientTest" time="0.001"/>
  <testcase name="testEstPro" classname="com.example.ClientTest" time="0.0"/>
  <testcase name="testOuvrirCompteStandard" classname="com.example.ClientTest" time="0.004">
    <system-out><![CDATA[Compte standard ajouté pour Doe John
Un client standard ne peut pas avoir plus de 1 comptes standard.
]]></system-out>
  </testcase>
  <testcase name="testOuvrirCompteEpargne" classname="com.example.ClientTest" time="0.0">
    <system-out><![CDATA[Compte d’épargne ouvert pour Doe John
Ce client a déjà un compte d’épargne.
]]></system-out>
  </testcase>
  <testcase name="testAfficherComptes" classname="com.example.ClientTest" time="0.001">
    <system-out><![CDATA[Compte standard ajouté pour Doe John
Compte d’épargne ouvert pour Doe John
Comptes de Doe John:
[Compte Bancaire avec un solde de: 1000.0 EUR]
Compte Épargne avec un solde de: 5000.0 EUR et un taux d'intérêt de: 2.0%
]]></system-out>
  </testcase>
  <testcase name="testToString" classname="com.example.ClientTest" time="0.0"/>
</testsuite>